<?xml version="1.0" encoding="UTF-8" ?>
<testsuite tests="4" failures="0" name="tests.ParameterTest" time="15.803" errors="0" skipped="0">
  <properties>
[...]
</properties>
  <testcase classname="tests.ParameterTest" name="testOptimusUsingParameters[0]" time="3.935"/>
  <testcase classname="tests.ParameterTest" name="testOptimusUsingParameters[1]" time="4.186"/>
  <testcase classname="tests.ParameterTest" name="testOptimusUsingParameters[2]" time="3.818"/>
  <testcase classname="tests.ParameterTest" name="testOptimusUsingParameters[3]" time="3.864"/>
</testsuite>